<?xml version="1.0" encoding="UTF-8"?>
<!-- Generated by org.testng.reporters.JUnitReportReporter -->
<testsuite skipped="0" hostname="LAPTOP-Q12RSIKM" name="TestNgTest" tests="2" failures="0" timestamp="13 Mar 2020 14:06:27 GMT" time="2.515" errors="0">
  <testcase name="Add" time="2.511" classname="TestNgTest"/>
  <testcase name="Substract" time="0.004" classname="TestNgTest"/>
</testsuite> <!-- TestNgTest -->
